07/11/2024 18:39:51 [INFO] ====Input Arguments====
07/11/2024 18:39:51 [INFO] {
  "model_name": "roberta-base",
  "loss_type": "list_net",
  "train_path": "datasets/comagc/16-1/train_full.jsonl",
  "test_path": "datasets/comagc/16-1/test_truth.jsonl",
  "checkpoint_path": "checkpoints/comagc/16-1/roberta-lnet-nl",
  "do_train": true,
  "epoch": 10,
  "neg_num": 5,
  "include_node_labels": true,
  "include_rel_types": false,
  "do_eval": false
}
07/11/2024 18:39:51 [WARNING] Detected kernel version 4.4.0, which is below the recommended minimum of 5.5.0; this can cause the process to hang. It is recommended to upgrade the kernel to the minimum version or higher.
07/11/2024 18:41:08 [INFO] epoch=0 all_metrics={'NDCG@1': 0.42017, 'NDCG@3': 0.47304, 'NDCG@5': 0.54169, 'MAP@1': 0.14286, 'MAP@3': 0.42857, 'MAP@5': 0.71429, 'Recall@1': 0.14286, 'Recall@3': 0.42857, 'Recall@5': 0.71429} 

07/11/2024 18:41:08 [INFO] Congratulations! New best accuracy: 0.54169
07/11/2024 18:42:09 [INFO] epoch=1 all_metrics={'NDCG@1': 0.41597, 'NDCG@3': 0.47064, 'NDCG@5': 0.54254, 'MAP@1': 0.14286, 'MAP@3': 0.42857, 'MAP@5': 0.71429, 'Recall@1': 0.14286, 'Recall@3': 0.42857, 'Recall@5': 0.71429} 

07/11/2024 18:42:09 [INFO] Congratulations! New best accuracy: 0.54254
07/11/2024 18:43:06 [INFO] epoch=2 all_metrics={'NDCG@1': 0.47059, 'NDCG@3': 0.4907, 'NDCG@5': 0.55268, 'MAP@1': 0.14286, 'MAP@3': 0.42857, 'MAP@5': 0.71429, 'Recall@1': 0.14286, 'Recall@3': 0.42857, 'Recall@5': 0.71429} 

07/11/2024 18:43:06 [INFO] Congratulations! New best accuracy: 0.55268
07/11/2024 18:44:03 [INFO] epoch=3 all_metrics={'NDCG@1': 0.40756, 'NDCG@3': 0.45264, 'NDCG@5': 0.538, 'MAP@1': 0.14286, 'MAP@3': 0.42857, 'MAP@5': 0.71429, 'Recall@1': 0.14286, 'Recall@3': 0.42857, 'Recall@5': 0.71429} 

07/11/2024 18:44:57 [INFO] epoch=4 all_metrics={'NDCG@1': 0.38235, 'NDCG@3': 0.46026, 'NDCG@5': 0.53595, 'MAP@1': 0.14286, 'MAP@3': 0.42857, 'MAP@5': 0.71429, 'Recall@1': 0.14286, 'Recall@3': 0.42857, 'Recall@5': 0.71429} 

07/11/2024 18:45:51 [INFO] epoch=5 all_metrics={'NDCG@1': 0.33613, 'NDCG@3': 0.45459, 'NDCG@5': 0.52982, 'MAP@1': 0.14286, 'MAP@3': 0.42857, 'MAP@5': 0.71429, 'Recall@1': 0.14286, 'Recall@3': 0.42857, 'Recall@5': 0.71429} 

07/11/2024 18:46:45 [INFO] epoch=6 all_metrics={'NDCG@1': 0.46639, 'NDCG@3': 0.48672, 'NDCG@5': 0.55379, 'MAP@1': 0.14286, 'MAP@3': 0.42857, 'MAP@5': 0.71429, 'Recall@1': 0.14286, 'Recall@3': 0.42857, 'Recall@5': 0.71429} 

07/11/2024 18:46:45 [INFO] Congratulations! New best accuracy: 0.55379
07/11/2024 18:47:41 [INFO] epoch=7 all_metrics={'NDCG@1': 0.44118, 'NDCG@3': 0.49038, 'NDCG@5': 0.55045, 'MAP@1': 0.14286, 'MAP@3': 0.42857, 'MAP@5': 0.71429, 'Recall@1': 0.14286, 'Recall@3': 0.42857, 'Recall@5': 0.71429} 

07/11/2024 18:48:35 [INFO] epoch=8 all_metrics={'NDCG@1': 0.36555, 'NDCG@3': 0.45944, 'NDCG@5': 0.53293, 'MAP@1': 0.14286, 'MAP@3': 0.42857, 'MAP@5': 0.71429, 'Recall@1': 0.14286, 'Recall@3': 0.42857, 'Recall@5': 0.71429} 

07/11/2024 18:49:29 [INFO] epoch=9 all_metrics={'NDCG@1': 0.42437, 'NDCG@3': 0.47786, 'NDCG@5': 0.54526, 'MAP@1': 0.14286, 'MAP@3': 0.42857, 'MAP@5': 0.71429, 'Recall@1': 0.14286, 'Recall@3': 0.42857, 'Recall@5': 0.71429} 

07/11/2024 18:49:29 [INFO] # BEST: 0.55379 # All: {'NDCG@1': 0.46639, 'NDCG@3': 0.48672, 'NDCG@5': 0.55379, 'MAP@1': 0.14286, 'MAP@3': 0.42857, 'MAP@5': 0.71429, 'Recall@1': 0.14286, 'Recall@3': 0.42857, 'Recall@5': 0.71429} # Epoch: 6

