07/11/2024 19:12:21 [INFO] ====Input Arguments====
07/11/2024 19:12:21 [INFO] {
  "model_name": "roberta-base",
  "loss_type": "list_net",
  "train_path": "datasets/ade/16-1/train_full.jsonl",
  "test_path": "datasets/ade/16-1/test_truth.jsonl",
  "checkpoint_path": "checkpoints/ade/16-1/roberta-lnet-nl",
  "do_train": true,
  "epoch": 10,
  "neg_num": 5,
  "include_node_labels": true,
  "include_rel_types": false,
  "do_eval": false
}
07/11/2024 19:12:21 [WARNING] Detected kernel version 4.4.0, which is below the recommended minimum of 5.5.0; this can cause the process to hang. It is recommended to upgrade the kernel to the minimum version or higher.
07/11/2024 19:13:32 [INFO] epoch=0 all_metrics={'NDCG@1': 0.43233, 'NDCG@3': 0.46555, 'NDCG@5': 0.55123, 'MAP@1': 0.16541, 'MAP@3': 0.44361, 'MAP@5': 0.7218, 'Recall@1': 0.16541, 'Recall@3': 0.44361, 'Recall@5': 0.7218} 

07/11/2024 19:13:32 [INFO] Congratulations! New best accuracy: 0.55123
07/11/2024 19:14:38 [INFO] epoch=1 all_metrics={'NDCG@1': 0.37594, 'NDCG@3': 0.44539, 'NDCG@5': 0.53555, 'MAP@1': 0.16541, 'MAP@3': 0.44361, 'MAP@5': 0.7218, 'Recall@1': 0.16541, 'Recall@3': 0.44361, 'Recall@5': 0.7218} 

07/11/2024 19:15:43 [INFO] epoch=2 all_metrics={'NDCG@1': 0.32707, 'NDCG@3': 0.44235, 'NDCG@5': 0.53006, 'MAP@1': 0.16541, 'MAP@3': 0.44361, 'MAP@5': 0.7218, 'Recall@1': 0.16541, 'Recall@3': 0.44361, 'Recall@5': 0.7218} 

07/11/2024 19:16:50 [INFO] epoch=3 all_metrics={'NDCG@1': 0.45489, 'NDCG@3': 0.51134, 'NDCG@5': 0.56639, 'MAP@1': 0.16541, 'MAP@3': 0.44361, 'MAP@5': 0.7218, 'Recall@1': 0.16541, 'Recall@3': 0.44361, 'Recall@5': 0.7218} 

07/11/2024 19:16:50 [INFO] Congratulations! New best accuracy: 0.56639
07/11/2024 19:17:40 [INFO] epoch=4 all_metrics={'NDCG@1': 0.32331, 'NDCG@3': 0.44067, 'NDCG@5': 0.53002, 'MAP@1': 0.16541, 'MAP@3': 0.44361, 'MAP@5': 0.7218, 'Recall@1': 0.16541, 'Recall@3': 0.44361, 'Recall@5': 0.7218} 

07/11/2024 19:18:46 [INFO] epoch=5 all_metrics={'NDCG@1': 0.35714, 'NDCG@3': 0.44708, 'NDCG@5': 0.53626, 'MAP@1': 0.16541, 'MAP@3': 0.44361, 'MAP@5': 0.7218, 'Recall@1': 0.16541, 'Recall@3': 0.44361, 'Recall@5': 0.7218} 

07/11/2024 19:19:52 [INFO] epoch=6 all_metrics={'NDCG@1': 0.33459, 'NDCG@3': 0.42817, 'NDCG@5': 0.52829, 'MAP@1': 0.16541, 'MAP@3': 0.44361, 'MAP@5': 0.7218, 'Recall@1': 0.16541, 'Recall@3': 0.44361, 'Recall@5': 0.7218} 

07/11/2024 19:20:58 [INFO] epoch=7 all_metrics={'NDCG@1': 0.32331, 'NDCG@3': 0.42275, 'NDCG@5': 0.52565, 'MAP@1': 0.16541, 'MAP@3': 0.44361, 'MAP@5': 0.7218, 'Recall@1': 0.16541, 'Recall@3': 0.44361, 'Recall@5': 0.7218} 

07/11/2024 19:22:24 [INFO] epoch=8 all_metrics={'NDCG@1': 0.35714, 'NDCG@3': 0.43631, 'NDCG@5': 0.53258, 'MAP@1': 0.16541, 'MAP@3': 0.44361, 'MAP@5': 0.7218, 'Recall@1': 0.16541, 'Recall@3': 0.44361, 'Recall@5': 0.7218} 

07/11/2024 19:25:05 [INFO] epoch=9 all_metrics={'NDCG@1': 0.36842, 'NDCG@3': 0.43162, 'NDCG@5': 0.53441, 'MAP@1': 0.16541, 'MAP@3': 0.44361, 'MAP@5': 0.7218, 'Recall@1': 0.16541, 'Recall@3': 0.44361, 'Recall@5': 0.7218} 

07/11/2024 19:25:05 [INFO] # BEST: 0.56639 # All: {'NDCG@1': 0.45489, 'NDCG@3': 0.51134, 'NDCG@5': 0.56639, 'MAP@1': 0.16541, 'MAP@3': 0.44361, 'MAP@5': 0.7218, 'Recall@1': 0.16541, 'Recall@3': 0.44361, 'Recall@5': 0.7218} # Epoch: 3

