07/02/2024 21:28:58 [INFO] ====Input Arguments====
07/02/2024 21:28:58 [INFO] {
  "model_name": "roberta-base",
  "loss_type": "rank_net",
  "train_path": "datasets/gene/16-1/train_full.jsonl",
  "test_path": "datasets/gene/16-1/test_truth.jsonl",
  "checkpoint_path": "checkpoints/gene/16-1/roberta-rnet-nl",
  "do_train": true,
  "epoch": 10,
  "neg_num": 5,
  "include_node_labels": true,
  "include_rel_types": false,
  "do_eval": false
}
07/02/2024 21:28:58 [WARNING] Detected kernel version 4.4.0, which is below the recommended minimum of 5.5.0; this can cause the process to hang. It is recommended to upgrade the kernel to the minimum version or higher.
07/02/2024 21:29:49 [INFO] epoch=0 all_metrics={'NDCG@1': 0.41497, 'NDCG@3': 0.47902, 'NDCG@5': 0.54846, 'MAP@1': 0.14354, 'MAP@3': 0.43061, 'MAP@5': 0.71769, 'Recall@1': 0.14354, 'Recall@3': 0.43061, 'Recall@5': 0.71769} 

07/02/2024 21:29:49 [INFO] Congratulations! New best accuracy: 0.54846
07/02/2024 21:30:34 [INFO] epoch=1 all_metrics={'NDCG@1': 0.45646, 'NDCG@3': 0.50926, 'NDCG@5': 0.55733, 'MAP@1': 0.14354, 'MAP@3': 0.43061, 'MAP@5': 0.71769, 'Recall@1': 0.14354, 'Recall@3': 0.43061, 'Recall@5': 0.71769} 

07/02/2024 21:30:34 [INFO] Congratulations! New best accuracy: 0.55733
07/02/2024 21:31:23 [INFO] epoch=2 all_metrics={'NDCG@1': 0.43469, 'NDCG@3': 0.48626, 'NDCG@5': 0.54903, 'MAP@1': 0.14354, 'MAP@3': 0.43061, 'MAP@5': 0.71769, 'Recall@1': 0.14354, 'Recall@3': 0.43061, 'Recall@5': 0.71769} 

07/02/2024 21:32:09 [INFO] epoch=3 all_metrics={'NDCG@1': 0.42721, 'NDCG@3': 0.4899, 'NDCG@5': 0.55084, 'MAP@1': 0.14354, 'MAP@3': 0.43061, 'MAP@5': 0.71769, 'Recall@1': 0.14354, 'Recall@3': 0.43061, 'Recall@5': 0.71769} 

07/02/2024 21:32:53 [INFO] epoch=4 all_metrics={'NDCG@1': 0.41088, 'NDCG@3': 0.49131, 'NDCG@5': 0.54857, 'MAP@1': 0.14354, 'MAP@3': 0.43061, 'MAP@5': 0.71769, 'Recall@1': 0.14354, 'Recall@3': 0.43061, 'Recall@5': 0.71769} 

07/02/2024 21:34:28 [INFO] epoch=5 all_metrics={'NDCG@1': 0.44762, 'NDCG@3': 0.49787, 'NDCG@5': 0.55655, 'MAP@1': 0.14354, 'MAP@3': 0.43061, 'MAP@5': 0.71769, 'Recall@1': 0.14354, 'Recall@3': 0.43061, 'Recall@5': 0.71769} 

07/02/2024 21:35:41 [INFO] epoch=6 all_metrics={'NDCG@1': 0.47483, 'NDCG@3': 0.49517, 'NDCG@5': 0.55886, 'MAP@1': 0.14354, 'MAP@3': 0.43061, 'MAP@5': 0.71769, 'Recall@1': 0.14354, 'Recall@3': 0.43061, 'Recall@5': 0.71769} 

07/02/2024 21:35:41 [INFO] Congratulations! New best accuracy: 0.55886
07/02/2024 21:37:27 [INFO] epoch=7 all_metrics={'NDCG@1': 0.41905, 'NDCG@3': 0.47321, 'NDCG@5': 0.54498, 'MAP@1': 0.14354, 'MAP@3': 0.43061, 'MAP@5': 0.71769, 'Recall@1': 0.14354, 'Recall@3': 0.43061, 'Recall@5': 0.71769} 

07/02/2024 21:38:40 [INFO] epoch=8 all_metrics={'NDCG@1': 0.43946, 'NDCG@3': 0.49333, 'NDCG@5': 0.55574, 'MAP@1': 0.14354, 'MAP@3': 0.43061, 'MAP@5': 0.71769, 'Recall@1': 0.14354, 'Recall@3': 0.43061, 'Recall@5': 0.71769} 

07/02/2024 21:40:25 [INFO] epoch=9 all_metrics={'NDCG@1': 0.44762, 'NDCG@3': 0.47593, 'NDCG@5': 0.55068, 'MAP@1': 0.14354, 'MAP@3': 0.43061, 'MAP@5': 0.71769, 'Recall@1': 0.14354, 'Recall@3': 0.43061, 'Recall@5': 0.71769} 

07/02/2024 21:40:25 [INFO] # BEST: 0.55886 # All: {'NDCG@1': 0.47483, 'NDCG@3': 0.49517, 'NDCG@5': 0.55886, 'MAP@1': 0.14354, 'MAP@3': 0.43061, 'MAP@5': 0.71769, 'Recall@1': 0.14354, 'Recall@3': 0.43061, 'Recall@5': 0.71769} # Epoch: 6

